c:\users\zlzld\downloads\winapi_2009 (1)\winapi_2009\x64\debug\vc142.pdb
c:\users\zlzld\downloads\winapi_2009 (1)\winapi_2009\x64\debug\vc142.idb
c:\users\zlzld\downloads\winapi_2009 (1)\winapi_2009\x64\debug\effectmanager.obj
c:\users\zlzld\downloads\winapi_2009 (1)\winapi_2009\x64\debug\effect.obj
c:\users\zlzld\downloads\winapi_2009 (1)\winapi_2009\x64\debug\circle.obj
c:\users\zlzld\downloads\winapi_2009 (1)\winapi_2009\x64\debug\button.obj
c:\users\zlzld\downloads\winapi_2009 (1)\winapi_2009\x64\debug\brickmanager.obj
c:\users\zlzld\downloads\winapi_2009 (1)\winapi_2009\x64\debug\brick.obj
c:\users\zlzld\downloads\winapi_2009 (1)\winapi_2009\x64\debug\bar.obj
c:\users\zlzld\downloads\winapi_2009 (1)\winapi_2009\x64\debug\ball.obj
c:\users\zlzld\downloads\winapi_2009 (1)\winapi_2009\x64\debug\xml.obj
c:\users\zlzld\downloads\winapi_2009 (1)\winapi_2009\x64\debug\timer.obj
c:\users\zlzld\downloads\winapi_2009 (1)\winapi_2009\x64\debug\datamanager.obj
c:\users\zlzld\downloads\winapi_2009 (1)\winapi_2009\x64\debug\control.obj
c:\users\zlzld\downloads\winapi_2009 (1)\winapi_2009\x64\debug\audio.obj
c:\users\zlzld\downloads\winapi_2009 (1)\winapi_2009\x64\debug\texturemanager.obj
c:\users\zlzld\downloads\winapi_2009 (1)\winapi_2009\x64\debug\texture.obj
c:\users\zlzld\downloads\winapi_2009 (1)\winapi_2009\x64\debug\animation.obj
c:\users\zlzld\downloads\winapi_2009 (1)\winapi_2009\x64\debug\vector2.obj
c:\users\zlzld\downloads\winapi_2009 (1)\winapi_2009\x64\debug\math.obj
c:\users\zlzld\downloads\winapi_2009 (1)\winapi_2009\x64\debug\gamemanager.obj
c:\users\zlzld\downloads\winapi_2009 (1)\winapi_2009\x64\debug\camera.obj
c:\users\zlzld\downloads\winapi_2009 (1)\winapi_2009\x64\debug\bullet.obj
c:\users\zlzld\downloads\winapi_2009 (1)\winapi_2009\x64\debug\landscape.obj
c:\users\zlzld\downloads\winapi_2009 (1)\winapi_2009\x64\debug\hwblockmanager.obj
c:\users\zlzld\downloads\winapi_2009 (1)\winapi_2009\x64\debug\dragonlandscape.obj
c:\users\zlzld\downloads\winapi_2009 (1)\winapi_2009\x64\debug\shellmanager.obj
c:\users\zlzld\downloads\winapi_2009 (1)\winapi_2009\x64\debug\shell.obj
c:\users\zlzld\downloads\winapi_2009 (1)\winapi_2009\x64\debug\enemymanager.obj
c:\users\zlzld\downloads\winapi_2009 (1)\winapi_2009\x64\debug\enemy.obj
c:\users\zlzld\downloads\winapi_2009 (1)\winapi_2009\x64\debug\cannon.obj
c:\users\zlzld\downloads\winapi_2009 (1)\winapi_2009\x64\debug\mario.obj
c:\users\zlzld\downloads\winapi_2009 (1)\winapi_2009\x64\debug\hwdragonplayer.obj
c:\users\zlzld\downloads\winapi_2009 (1)\winapi_2009\x64\debug\hwdragonenemymanager.obj
c:\users\zlzld\downloads\winapi_2009 (1)\winapi_2009\x64\debug\hwdragonenemy.obj
c:\users\zlzld\downloads\winapi_2009 (1)\winapi_2009\x64\debug\hwbird.obj
c:\users\zlzld\downloads\winapi_2009 (1)\winapi_2009\x64\debug\angie.obj
c:\users\zlzld\downloads\winapi_2009 (1)\winapi_2009\x64\debug\rect.obj
c:\users\zlzld\downloads\winapi_2009 (1)\winapi_2009\x64\debug\object.obj
c:\users\zlzld\downloads\winapi_2009 (1)\winapi_2009\x64\debug\line.obj
c:\users\zlzld\downloads\winapi_2009 (1)\winapi_2009\x64\debug\imagerect.obj
c:\users\zlzld\downloads\winapi_2009 (1)\winapi_2009\x64\debug\hpbar.obj
c:\users\zlzld\downloads\winapi_2009 (1)\winapi_2009\x64\debug\shootingscene.obj
c:\users\zlzld\downloads\winapi_2009 (1)\winapi_2009\x64\debug\scenemanager.obj
c:\users\zlzld\downloads\winapi_2009 (1)\winapi_2009\x64\debug\pixelcollisionscene.obj
c:\users\zlzld\downloads\winapi_2009 (1)\winapi_2009\x64\debug\paintscene.obj
c:\users\zlzld\downloads\winapi_2009 (1)\winapi_2009\x64\debug\metalscene.obj
c:\users\zlzld\downloads\winapi_2009 (1)\winapi_2009\x64\debug\marioblockscene.obj
c:\users\zlzld\downloads\winapi_2009 (1)\winapi_2009\x64\debug\linecollisionscene.obj
c:\users\zlzld\downloads\winapi_2009 (1)\winapi_2009\x64\debug\hwshootingscene.obj
c:\users\zlzld\downloads\winapi_2009 (1)\winapi_2009\x64\debug\hwfluppybirdscene.obj
c:\users\zlzld\downloads\winapi_2009 (1)\winapi_2009\x64\debug\hwdragonstartscene.obj
c:\users\zlzld\downloads\winapi_2009 (1)\winapi_2009\x64\debug\collisionscene.obj
c:\users\zlzld\downloads\winapi_2009 (1)\winapi_2009\x64\debug\circlescene.obj
c:\users\zlzld\downloads\winapi_2009 (1)\winapi_2009\x64\debug\camerascene.obj
c:\users\zlzld\downloads\winapi_2009 (1)\winapi_2009\x64\debug\arcanoidscene.obj
c:\users\zlzld\downloads\winapi_2009 (1)\winapi_2009\x64\debug\animationscene.obj
c:\users\zlzld\downloads\winapi_2009 (1)\winapi_2009\x64\debug\alphascene.obj
c:\users\zlzld\downloads\winapi_2009 (1)\winapi_2009\x64\debug\program.obj
c:\users\zlzld\downloads\winapi_2009 (1)\winapi_2009\x64\debug\piece.obj
c:\users\zlzld\downloads\winapi_2009 (1)\winapi_2009\x64\debug\player.obj
c:\users\zlzld\downloads\winapi_2009 (1)\winapi_2009\x64\debug\bulletmanager.obj
c:\users\zlzld\downloads\winapi_2009 (1)\winapi_2009\x64\debug\winapi_2009.obj
c:\users\zlzld\downloads\winapi_2009 (1)\winapi_2009\x64\debug\texturescene.obj
c:\users\zlzld\downloads\winapi_2009 (1)\winapi_2009\x64\debug\startscene.obj
c:\users\zlzld\downloads\winapi_2009 (1)\winapi_2009\x64\debug\slicepuzzlescene.obj
c:\users\zlzld\downloads\winapi_2009 (1)\winapi_2009\x64\debug\shootingselectscene.obj
c:\users\zlzld\downloads\winapi_2009 (1)\winapi_2009\x64\debug\winapi_2009.pch
c:\users\zlzld\downloads\winapi_2009 (1)\winapi_2009\x64\debug\framework.obj
c:\users\zlzld\downloads\winapi_2009 (1)\winapi_2009\x64\debug\maptoolscene.obj
c:\users\zlzld\onedrive\바탕 화면\git\portfolio\win_api_portfolio\winapi_2009\x64\debug\winapi_2009.pch
c:\users\zlzld\onedrive\바탕 화면\git\portfolio\win_api_portfolio\winapi_2009\x64\debug\vc142.pdb
c:\users\zlzld\onedrive\바탕 화면\git\portfolio\win_api_portfolio\winapi_2009\x64\debug\vc142.idb
c:\users\zlzld\onedrive\바탕 화면\git\portfolio\win_api_portfolio\winapi_2009\x64\debug\framework.obj
c:\users\zlzld\onedrive\바탕 화면\git\portfolio\win_api_portfolio\winapi_2009\x64\debug\hpbar.obj
c:\users\zlzld\onedrive\바탕 화면\git\portfolio\win_api_portfolio\winapi_2009\x64\debug\effectmanager.obj
c:\users\zlzld\onedrive\바탕 화면\git\portfolio\win_api_portfolio\winapi_2009\x64\debug\effect.obj
c:\users\zlzld\onedrive\바탕 화면\git\portfolio\win_api_portfolio\winapi_2009\x64\debug\button.obj
c:\users\zlzld\onedrive\바탕 화면\git\portfolio\win_api_portfolio\winapi_2009\x64\debug\brickmanager.obj
c:\users\zlzld\onedrive\바탕 화면\git\portfolio\win_api_portfolio\winapi_2009\x64\debug\brick.obj
c:\users\zlzld\onedrive\바탕 화면\git\portfolio\win_api_portfolio\winapi_2009\x64\debug\bar.obj
c:\users\zlzld\onedrive\바탕 화면\git\portfolio\win_api_portfolio\winapi_2009\x64\debug\ball.obj
c:\users\zlzld\onedrive\바탕 화면\git\portfolio\win_api_portfolio\winapi_2009\x64\debug\xml.obj
c:\users\zlzld\onedrive\바탕 화면\git\portfolio\win_api_portfolio\winapi_2009\x64\debug\timer.obj
c:\users\zlzld\onedrive\바탕 화면\git\portfolio\win_api_portfolio\winapi_2009\x64\debug\datamanager.obj
c:\users\zlzld\onedrive\바탕 화면\git\portfolio\win_api_portfolio\winapi_2009\x64\debug\control.obj
c:\users\zlzld\onedrive\바탕 화면\git\portfolio\win_api_portfolio\winapi_2009\x64\debug\audio.obj
c:\users\zlzld\onedrive\바탕 화면\git\portfolio\win_api_portfolio\winapi_2009\x64\debug\texturemanager.obj
c:\users\zlzld\onedrive\바탕 화면\git\portfolio\win_api_portfolio\winapi_2009\x64\debug\texture.obj
c:\users\zlzld\onedrive\바탕 화면\git\portfolio\win_api_portfolio\winapi_2009\x64\debug\animation.obj
c:\users\zlzld\onedrive\바탕 화면\git\portfolio\win_api_portfolio\winapi_2009\x64\debug\vector2.obj
c:\users\zlzld\onedrive\바탕 화면\git\portfolio\win_api_portfolio\winapi_2009\x64\debug\math.obj
c:\users\zlzld\onedrive\바탕 화면\git\portfolio\win_api_portfolio\winapi_2009\x64\debug\gamemanager.obj
c:\users\zlzld\onedrive\바탕 화면\git\portfolio\win_api_portfolio\winapi_2009\x64\debug\camera.obj
c:\users\zlzld\onedrive\바탕 화면\git\portfolio\win_api_portfolio\winapi_2009\x64\debug\bullet.obj
c:\users\zlzld\onedrive\바탕 화면\git\portfolio\win_api_portfolio\winapi_2009\x64\debug\landscape.obj
c:\users\zlzld\onedrive\바탕 화면\git\portfolio\win_api_portfolio\winapi_2009\x64\debug\hwblockmanager.obj
c:\users\zlzld\onedrive\바탕 화면\git\portfolio\win_api_portfolio\winapi_2009\x64\debug\dragonlandscape.obj
c:\users\zlzld\onedrive\바탕 화면\git\portfolio\win_api_portfolio\winapi_2009\x64\debug\shellmanager.obj
c:\users\zlzld\onedrive\바탕 화면\git\portfolio\win_api_portfolio\winapi_2009\x64\debug\shell.obj
c:\users\zlzld\onedrive\바탕 화면\git\portfolio\win_api_portfolio\winapi_2009\x64\debug\rect.obj
c:\users\zlzld\onedrive\바탕 화면\git\portfolio\win_api_portfolio\winapi_2009\x64\debug\object.obj
c:\users\zlzld\onedrive\바탕 화면\git\portfolio\win_api_portfolio\winapi_2009\x64\debug\line.obj
c:\users\zlzld\onedrive\바탕 화면\git\portfolio\win_api_portfolio\winapi_2009\x64\debug\enemymanager.obj
c:\users\zlzld\onedrive\바탕 화면\git\portfolio\win_api_portfolio\winapi_2009\x64\debug\enemy.obj
c:\users\zlzld\onedrive\바탕 화면\git\portfolio\win_api_portfolio\winapi_2009\x64\debug\circle.obj
c:\users\zlzld\onedrive\바탕 화면\git\portfolio\win_api_portfolio\winapi_2009\x64\debug\cannon.obj
c:\users\zlzld\onedrive\바탕 화면\git\portfolio\win_api_portfolio\winapi_2009\x64\debug\mario.obj
c:\users\zlzld\onedrive\바탕 화면\git\portfolio\win_api_portfolio\winapi_2009\x64\debug\hwdragonplayer.obj
c:\users\zlzld\onedrive\바탕 화면\git\portfolio\win_api_portfolio\winapi_2009\x64\debug\hwdragonenemymanager.obj
c:\users\zlzld\onedrive\바탕 화면\git\portfolio\win_api_portfolio\winapi_2009\x64\debug\hwdragonenemy.obj
c:\users\zlzld\onedrive\바탕 화면\git\portfolio\win_api_portfolio\winapi_2009\x64\debug\hwbird.obj
c:\users\zlzld\onedrive\바탕 화면\git\portfolio\win_api_portfolio\winapi_2009\x64\debug\angie.obj
c:\users\zlzld\onedrive\바탕 화면\git\portfolio\win_api_portfolio\winapi_2009\x64\debug\imagerect.obj
c:\users\zlzld\onedrive\바탕 화면\git\portfolio\win_api_portfolio\winapi_2009\x64\debug\scenemanager.obj
c:\users\zlzld\onedrive\바탕 화면\git\portfolio\win_api_portfolio\winapi_2009\x64\debug\pixelcollisionscene.obj
c:\users\zlzld\onedrive\바탕 화면\git\portfolio\win_api_portfolio\winapi_2009\x64\debug\paintscene.obj
c:\users\zlzld\onedrive\바탕 화면\git\portfolio\win_api_portfolio\winapi_2009\x64\debug\metalscene.obj
c:\users\zlzld\onedrive\바탕 화면\git\portfolio\win_api_portfolio\winapi_2009\x64\debug\marioblockscene.obj
c:\users\zlzld\onedrive\바탕 화면\git\portfolio\win_api_portfolio\winapi_2009\x64\debug\maptoolscene.obj
c:\users\zlzld\onedrive\바탕 화면\git\portfolio\win_api_portfolio\winapi_2009\x64\debug\linecollisionscene.obj
c:\users\zlzld\onedrive\바탕 화면\git\portfolio\win_api_portfolio\winapi_2009\x64\debug\hwshootingscene.obj
c:\users\zlzld\onedrive\바탕 화면\git\portfolio\win_api_portfolio\winapi_2009\x64\debug\hwfluppybirdscene.obj
c:\users\zlzld\onedrive\바탕 화면\git\portfolio\win_api_portfolio\winapi_2009\x64\debug\hwdragonstartscene.obj
c:\users\zlzld\onedrive\바탕 화면\git\portfolio\win_api_portfolio\winapi_2009\x64\debug\collisionscene.obj
c:\users\zlzld\onedrive\바탕 화면\git\portfolio\win_api_portfolio\winapi_2009\x64\debug\circlescene.obj
c:\users\zlzld\onedrive\바탕 화면\git\portfolio\win_api_portfolio\winapi_2009\x64\debug\camerascene.obj
c:\users\zlzld\onedrive\바탕 화면\git\portfolio\win_api_portfolio\winapi_2009\x64\debug\arcanoidscene.obj
c:\users\zlzld\onedrive\바탕 화면\git\portfolio\win_api_portfolio\winapi_2009\x64\debug\animationscene.obj
c:\users\zlzld\onedrive\바탕 화면\git\portfolio\win_api_portfolio\winapi_2009\x64\debug\alphascene.obj
c:\users\zlzld\onedrive\바탕 화면\git\portfolio\win_api_portfolio\winapi_2009\x64\debug\program.obj
c:\users\zlzld\onedrive\바탕 화면\git\portfolio\win_api_portfolio\winapi_2009\x64\debug\piece.obj
c:\users\zlzld\onedrive\바탕 화면\git\portfolio\win_api_portfolio\winapi_2009\x64\debug\player.obj
c:\users\zlzld\onedrive\바탕 화면\git\portfolio\win_api_portfolio\winapi_2009\x64\debug\bulletmanager.obj
c:\users\zlzld\onedrive\바탕 화면\git\portfolio\win_api_portfolio\winapi_2009\x64\debug\winapi_2009.obj
c:\users\zlzld\onedrive\바탕 화면\git\portfolio\win_api_portfolio\winapi_2009\x64\debug\texturescene.obj
c:\users\zlzld\onedrive\바탕 화면\git\portfolio\win_api_portfolio\winapi_2009\x64\debug\startscene.obj
c:\users\zlzld\onedrive\바탕 화면\git\portfolio\win_api_portfolio\winapi_2009\x64\debug\slicepuzzlescene.obj
c:\users\zlzld\onedrive\바탕 화면\git\portfolio\win_api_portfolio\winapi_2009\x64\debug\shootingselectscene.obj
c:\users\zlzld\onedrive\바탕 화면\git\portfolio\win_api_portfolio\winapi_2009\x64\debug\shootingscene.obj
c:\users\zlzld\downloads\winapi_2009 (1)\x64\debug\winapi_2009.exe
c:\users\zlzld\downloads\winapi_2009 (1)\x64\debug\winapi_2009.ilk
c:\users\zlzld\downloads\winapi_2009 (1)\x64\debug\winapi_2009.pdb
c:\users\zlzld\onedrive\바탕 화면\git\portfolio\win_api_portfolio\x64\debug\winapi_2009.exe
c:\users\zlzld\onedrive\바탕 화면\git\portfolio\win_api_portfolio\x64\debug\winapi_2009.ilk
c:\users\zlzld\onedrive\바탕 화면\git\portfolio\win_api_portfolio\x64\debug\winapi_2009.pdb
c:\users\zlzld\downloads\winapi_2009 (1)\winapi_2009\x64\debug\winapi_2009.res
c:\users\zlzld\onedrive\바탕 화면\git\portfolio\win_api_portfolio\winapi_2009\x64\debug\winapi_2009.res
c:\users\zlzld\onedrive\바탕 화면\git\portfolio\win_api_portfolio\winapi_2009\x64\debug\maptoolscene.new.obj.enc
c:\users\zlzld\onedrive\바탕 화면\git\portfolio\win_api_portfolio\winapi_2009\x64\debug\winapi_2009.tlog\cl.command.1.tlog
c:\users\zlzld\onedrive\바탕 화면\git\portfolio\win_api_portfolio\winapi_2009\x64\debug\winapi_2009.tlog\cl.read.1.tlog
c:\users\zlzld\onedrive\바탕 화면\git\portfolio\win_api_portfolio\winapi_2009\x64\debug\winapi_2009.tlog\cl.write.1.tlog
c:\users\zlzld\onedrive\바탕 화면\git\portfolio\win_api_portfolio\winapi_2009\x64\debug\winapi_2009.tlog\link.command.1.tlog
c:\users\zlzld\onedrive\바탕 화면\git\portfolio\win_api_portfolio\winapi_2009\x64\debug\winapi_2009.tlog\link.read.1.tlog
c:\users\zlzld\onedrive\바탕 화면\git\portfolio\win_api_portfolio\winapi_2009\x64\debug\winapi_2009.tlog\link.write.1.tlog
c:\users\zlzld\onedrive\바탕 화면\git\portfolio\win_api_portfolio\winapi_2009\x64\debug\winapi_2009.tlog\rc.command.1.tlog
c:\users\zlzld\onedrive\바탕 화면\git\portfolio\win_api_portfolio\winapi_2009\x64\debug\winapi_2009.tlog\rc.read.1.tlog
c:\users\zlzld\onedrive\바탕 화면\git\portfolio\win_api_portfolio\winapi_2009\x64\debug\winapi_2009.tlog\rc.write.1.tlog
